Info: Start Nativelink Simulation process

========= EDA Simulation Settings =====================

Sim Mode              :  Gate
Family                :  cycloneivgx
Quartus root          :  c:/altera/13.0sp1/quartus/bin64/
Quartus sim root      :  c:/altera/13.0sp1/quartus/eda/sim_lib
Simulation Tool       :  modelsim-altera
Simulation Language   :  vhdl
Version               :  93
Simulation Mode       :  GUI
Sim Output File       :  Project_1.vho
Sim SDF file          :  Project_1__vhdl.sdo
Sim dir               :  simulation\modelsim

=======================================================

Info: Starting NativeLink simulation with ModelSim-Altera software
Sourced NativeLink script c:/altera/13.0sp1/quartus/common/tcl/internal/nativelink/modelsim.tcl
Warning: File Project_1_run_msim_gate_vhdl.do already exists - backing up current file as Project_1_run_msim_gate_vhdl.do.bak5
Probing transcript
ModelSim-Altera Info: # Reading C:/altera/13.0sp1/modelsim_ase/tcl/vsim/pref.tcl 
ModelSim-Altera Info: # ERROR: No extended dataflow license exists
ModelSim-Altera Info: # do Project_1_run_msim_gate_vhdl.do 
ModelSim-Altera Info: # if {[file exists gate_work]} {
ModelSim-Altera Info: # 	vdel -lib gate_work -all
ModelSim-Altera Info: # }
ModelSim-Altera Info: # vlib gate_work
ModelSim-Altera Info: # vmap work gate_work
ModelSim-Altera Info: # Copying C:\altera\13.0sp1\modelsim_ase\win32aloem/../modelsim.ini to modelsim.ini
ModelSim-Altera Info: # Modifying modelsim.ini
ModelSim-Altera Warning: # ** Warning: Copied C:\altera\13.0sp1\modelsim_ase\win32aloem/../modelsim.ini to modelsim.ini.
ModelSim-Altera Info: #          Updated modelsim.ini.
ModelSim-Altera Info: # 
ModelSim-Altera Info: # vcom -93 -work work {Project_1.vho}
ModelSim-Altera Info: # Model Technology ModelSim ALTERA vcom 10.1d Compiler 2012.11 Nov  2 2012
ModelSim-Altera Info: # -- Loading package STANDARD
ModelSim-Altera Info: # -- Loading package TEXTIO
ModelSim-Altera Info: # -- Loading package std_logic_1164
ModelSim-Altera Info: # -- Loading package VITAL_Timing
ModelSim-Altera Info: # -- Loading package VITAL_Primitives
ModelSim-Altera Info: # -- Loading package cycloneiv_atom_pack
ModelSim-Altera Info: # -- Loading package cycloneiv_components
ModelSim-Altera Info: # -- Compiling entity labwork_1
ModelSim-Altera Info: # -- Compiling architecture structure of labwork_1
ModelSim-Altera Info: # 
ModelSim-Altera Info: # vcom -93 -work work {E:/Semestr_2.4/TPKS/Lab_1/tb_labwork_1.vhd}
ModelSim-Altera Info: # Model Technology ModelSim ALTERA vcom 10.1d Compiler 2012.11 Nov  2 2012
ModelSim-Altera Info: # -- Loading package STANDARD
ModelSim-Altera Info: # -- Loading package TEXTIO
ModelSim-Altera Info: # -- Loading package std_logic_1164
ModelSim-Altera Info: # -- Compiling entity tb_labwork_1
ModelSim-Altera Info: # -- Compiling architecture struct_1 of tb_labwork_1
ModelSim-Altera Info: # 
ModelSim-Altera Info: # vsim -t 1ps +transport_int_delays +transport_path_delays -sdftyp /NA=Project_1_vhd.sdo -L altera_mf -L altera -L lpm -L sgate -L cycloneiv_hssi -L cycloneiv_pcie_hip -L cycloneiv -L gate_work -L work -voptargs="+acc"  tb_labwork_1
ModelSim-Altera Info: # vsim +transport_int_delays +transport_path_delays -L altera_mf -L altera -L lpm -L sgate -L cycloneiv_hssi -L cycloneiv_pcie_hip -L cycloneiv -L gate_work -L work -voptargs=\"+acc\" -sdftyp /NA=Project_1_vhd.sdo -t 1ps tb_labwork_1 
ModelSim-Altera Info: # Loading std.standard
ModelSim-Altera Info: # Loading std.textio(body)
ModelSim-Altera Info: # Loading ieee.std_logic_1164(body)
ModelSim-Altera Info: # Loading work.tb_labwork_1(struct_1)
ModelSim-Altera Info: # SDF 10.1d Compiler 2012.11 Nov  2 2012
ModelSim-Altera Info: # 
ModelSim-Altera Info: # Loading ieee.vital_timing(body)
ModelSim-Altera Info: # Loading ieee.vital_primitives(body)
ModelSim-Altera Info: # Loading cycloneiv.cycloneiv_atom_pack(body)
ModelSim-Altera Info: # Loading cycloneiv.cycloneiv_components
ModelSim-Altera Info: # Loading work.labwork_1(structure)
ModelSim-Altera Info: # Loading cycloneiv.cycloneiv_io_ibuf(arch)
ModelSim-Altera Info: # Loading ieee.std_logic_arith(body)
ModelSim-Altera Info: # Loading cycloneiv.cycloneiv_io_obuf(arch)
ModelSim-Altera Info: # Loading cycloneiv.cycloneiv_lcell_comb(vital_lcell_comb)
ModelSim-Altera Info: # Loading instances from Project_1_vhd.sdo
ModelSim-Altera Error: # ** Error: (vsim-SDF-3250) Project_1_vhd.sdo(0): Failed to find INSTANCE '/NA'.
ModelSim-Altera Info: # 
ModelSim-Altera Error: # ** Error: (vsim-SDF-3894) : Errors occured in reading and resolving instances from compiled SDF file(s).
ModelSim-Altera Info: # 
ModelSim-Altera Error: # ** Error: (vsim-SDF-3250) Project_1_vhd.sdo(0): Failed to find INSTANCE '/NA'.
ModelSim-Altera Info: # 
ModelSim-Altera Info: # Error loading design
ModelSim-Altera Info: # Error: Error loading design 
ModelSim-Altera Info: #        Pausing macro execution 
ModelSim-Altera Info: # MACRO ./Project_1_run_msim_gate_vhdl.do PAUSED at line 12
ModelSim-Altera Info: # Loading project pro_1
Error: Errors encountered while running modelsim do file
Error: NativeLink simulation flow was NOT successful



================The following additional information is provided to help identify the cause of error while running nativelink scripts=================
Nativelink TCL script failed with errorCode:  1
Nativelink TCL script failed with errorInfo:  1
    (procedure "launch_sim" line 1)
    invoked from within
"launch_sim launch_args_hash"
    ("eval" body line 1)
    invoked from within
"eval launch_sim launch_args_hash"
    invoked from within
"if [ info exists ::errorCode ] {
				set savedCode $::errorCode
				set savedInfo $::errorInfo
				error $result $savedInfo $savedCode
			} else {
			..."
    invoked from within
"if [catch {eval launch_sim launch_args_hash} result ] {
			set status 1
			if [ info exists ::errorCode ] {
				set savedCode $::errorCode
				set sav..."
    (procedure "run_sim" line 78)
    invoked from within
"run_sim run_sim_args_hash"
    invoked from within
"if [ info exists ::errorCode ] {
			set savedCode $::errorCode
			set savedInfo $::errorInfo
			error "$result" $savedInfo $savedCode
		} else {
			er..."
    (procedure "run_eda_simulation_tool" line 330)
    invoked from within
"run_eda_simulation_tool eda_opts_hash"
